<?xml version="1.0" encoding="UTF-8"?>
<testsuite name="com.dk.lb.utils.StringGeneratorTest" tests="4" skipped="0" failures="0" errors="0" timestamp="2021-04-05T12:38:15" hostname="LAPTOP-HP-2020" time="0.174">
  <properties/>
  <testcase name="generateSimpleName()" classname="com.dk.lb.utils.StringGeneratorTest" time="0.097"/>
  <testcase name="generateCompanyName()" classname="com.dk.lb.utils.StringGeneratorTest" time="0.028"/>
  <testcase name="generatePersonName()" classname="com.dk.lb.utils.StringGeneratorTest" time="0.023"/>
  <testcase name="generate()" classname="com.dk.lb.utils.StringGeneratorTest" time="0.023"/>
  <system-out><![CDATA[]]></system-out>
  <system-err><![CDATA[]]></system-err>
</testsuite>
